<?xml version="1.0" encoding="UTF-8"?>
<!-- Generated by org.testng.reporters.JUnitReportReporter -->
<testsuite hostname="SATYA-VAIO" name="com.hrms.testscripts.TC005" tests="1" failures="0" timestamp="16 Oct 2020 03:26:53 GMT" time="29.841" errors="0">
  <testcase name="tc005" time="29.841" classname="com.hrms.testscripts.TC005"/>
</testsuite> <!-- com.hrms.testscripts.TC005 -->
